<?xml version="1.0" encoding="UTF-8"?>
<!-- Generated by org.testng.reporters.JUnitReportReporter -->
<testsuite hostname="DESKTOP-OJQKNKV" failures="0" tests="7" name="runners.TestRunner" time="783.186" errors="0" timestamp="2023-02-24T14:04:45 IST" skipped="0">
  <testcase classname="runners.TestRunner" name="runScenario" time="116.507"/>
  <system-out/>
  <testcase classname="runners.TestRunner" name="runScenario" time="106.462"/>
  <system-out/>
  <testcase classname="runners.TestRunner" name="runScenario" time="106.321"/>
  <system-out/>
  <testcase classname="runners.TestRunner" name="runScenario" time="114.122"/>
  <system-out/>
  <testcase classname="runners.TestRunner" name="runScenario" time="116.604"/>
  <system-out/>
  <testcase classname="runners.TestRunner" name="runScenario" time="116.672"/>
  <system-out/>
  <testcase classname="runners.TestRunner" name="runScenario" time="106.498"/>
  <system-out/>
</testsuite> <!-- runners.TestRunner -->
