<?xml version="1.0" encoding="UTF-8"?>
<!-- Generated by org.testng.reporters.JUnitReportReporter -->
<testsuite hostname="DESKTOP-OJQKNKV" failures="0" tests="7" name="runners.TestRunner" time="431.592" errors="0" timestamp="2023-02-23T00:22:09 IST" skipped="0">
  <testcase classname="runners.TestRunner" name="runScenario" time="62.921"/>
  <system-out/>
  <testcase classname="runners.TestRunner" name="runScenario" time="61.654"/>
  <system-out/>
  <testcase classname="runners.TestRunner" name="runScenario" time="61.550"/>
  <system-out/>
  <testcase classname="runners.TestRunner" name="runScenario" time="59.322"/>
  <system-out/>
  <testcase classname="runners.TestRunner" name="runScenario" time="62.840"/>
  <system-out/>
  <testcase classname="runners.TestRunner" name="runScenario" time="60.590"/>
  <system-out/>
  <testcase classname="runners.TestRunner" name="runScenario" time="62.715"/>
  <system-out/>
</testsuite> <!-- runners.TestRunner -->
